<?xml version="1.0" encoding="UTF-8"?>
<testng-results skipped="0" failed="0" ignored="0" total="1" passed="1">
  <reporter-output>
  </reporter-output>
  <suite name="Default suite" duration-ms="54803" started-at="2019-06-26T05:41:27Z" finished-at="2019-06-26T05:42:21Z">
    <groups>
    </groups>
    <test name="Default test" duration-ms="54803" started-at="2019-06-26T05:41:27Z" finished-at="2019-06-26T05:42:21Z">
      <class name="com.training.sanity.tests.RETC_038">
        <test-method status="PASS" signature="setUpBeforeClass()[pri:0, instance:com.training.sanity.tests.RETC_038@1bce4f0a]" name="setUpBeforeClass" is-config="true" duration-ms="50" started-at="2019-06-26T05:41:27Z" finished-at="2019-06-26T05:41:27Z">
          <reporter-output>
          </reporter-output>
        </test-method> <!-- setUpBeforeClass -->
        <test-method status="PASS" signature="setUp()[pri:0, instance:com.training.sanity.tests.RETC_038@1bce4f0a]" name="setUp" is-config="true" duration-ms="17409" started-at="2019-06-26T05:41:27Z" finished-at="2019-06-26T05:41:44Z">
          <reporter-output>
          </reporter-output>
        </test-method> <!-- setUp -->
        <test-method status="PASS" signature="logintest()[pri:0, instance:com.training.sanity.tests.RETC_038@1bce4f0a]" name="logintest" duration-ms="34789" started-at="2019-06-26T05:41:44Z" finished-at="2019-06-26T05:42:19Z">
          <reporter-output>
          </reporter-output>
        </test-method> <!-- logintest -->
        <test-method status="PASS" signature="tearDown()[pri:0, instance:com.training.sanity.tests.RETC_038@1bce4f0a]" name="tearDown" is-config="true" duration-ms="2465" started-at="2019-06-26T05:42:19Z" finished-at="2019-06-26T05:42:21Z">
          <reporter-output>
          </reporter-output>
        </test-method> <!-- tearDown -->
      </class> <!-- com.training.sanity.tests.RETC_038 -->
    </test> <!-- Default test -->
  </suite> <!-- Default suite -->
</testng-results>
